<?xml version="1.0" encoding="UTF-8"?>
<!-- Generated by org.testng.reporters.JUnitReportReporter -->
<testsuite skipped="1" hostname="Cajetan-PC" name="testcases.TestRunner" tests="3" failures="0" timestamp="2021-04-28T21:27:59 IST" time="66.521" errors="1">
  <testcase name="runScenario" time="33.278" classname="testcases.TestRunner"/>
  <system-out/>
  <testcase name="runScenario" time="20.731" classname="testcases.TestRunner">
    <skipped/>
  </testcase> <!-- runScenario -->
  <system-out/>
  <testcase name="runScenario" time="12.512" classname="testcases.TestRunner">
    <error type="java.lang.RuntimeException" message="Category test data is not one of available categories. Please consult the available application categories and try again">
      <![CDATA[java.lang.RuntimeException: Category test data is not one of available categories. Please consult the available application categories and try again
at testcases.AdminUserTests.enterProdDetails(AdminUserTests.java:125)
at stepdef.AdminUserAddMedicine.user_navigates_to_manage_product_and_enters_(AdminUserAddMedicine.java:49)
at ✽.user navigates to manage product and enters PQSyrup45, AZCoughSyrupBrand45_name, ABSyrup45_Test product, 40, 200, test(file:///C:/Users/cajy7/OneDrive/Documents/Studies_and_Certs/Automation_Testing_Masters/Phase_5%20Capstone/Assessment/Project/medicaretest/src/test/java/features/AdminUserAddMedicine.feature:6)
]]>
    </error>
  </testcase> <!-- runScenario -->
  <system-out/>
</testsuite> <!-- testcases.TestRunner -->
