<?xml version="1.0" encoding="UTF-8"?>
<testng-results skipped="0" failed="0" ignored="0" total="2" passed="2">
  <reporter-output>
  </reporter-output>
  <suite name="Default suite" duration-ms="42535" started-at="2021-04-29T10:59:57 IST" finished-at="2021-04-29T11:00:40 IST">
    <groups>
      <group name="cucumber">
        <method signature="AbstractTestNGCucumberTests.runScenario(io.cucumber.testng.PickleWrapper, io.cucumber.testng.FeatureWrapper)[pri:0, instance:testcases.TestRunner@4b553d26]" name="runScenario" class="io.cucumber.testng.AbstractTestNGCucumberTests"/>
      </group> <!-- cucumber -->
    </groups>
    <test name="Default test" duration-ms="42535" started-at="2021-04-29T10:59:57 IST" finished-at="2021-04-29T11:00:40 IST">
      <class name="testcases.TestRunner">
        <test-method status="PASS" signature="setUpClass()[pri:0, instance:testcases.TestRunner@4b553d26]" name="setUpClass" is-config="true" duration-ms="1912" started-at="2021-04-29T10:59:58 IST" finished-at="2021-04-29T10:59:59 IST">
          <reporter-output>
          </reporter-output>
        </test-method> <!-- setUpClass -->
        <test-method status="PASS" signature="runScenario(io.cucumber.testng.PickleWrapper, io.cucumber.testng.FeatureWrapper)[pri:0, instance:testcases.TestRunner@4b553d26]" name="runScenario" duration-ms="26874" started-at="2021-04-29T11:00:00 IST" description="Runs Cucumber Scenarios" data-provider="scenarios" finished-at="2021-04-29T11:00:26 IST">
          <params>
            <param index="0">
              <value>
                <![CDATA["User login to account on Medicare"]]>
              </value>
            </param>
            <param index="1">
              <value>
                <![CDATA["Optional[Enable Users To Login To Account]"]]>
              </value>
            </param>
          </params>
          <reporter-output>
          </reporter-output>
        </test-method> <!-- runScenario -->
        <test-method status="PASS" signature="runScenario(io.cucumber.testng.PickleWrapper, io.cucumber.testng.FeatureWrapper)[pri:0, instance:testcases.TestRunner@4b553d26]" name="runScenario" duration-ms="13206" started-at="2021-04-29T11:00:26 IST" description="Runs Cucumber Scenarios" data-provider="scenarios" finished-at="2021-04-29T11:00:40 IST">
          <params>
            <param index="0">
              <value>
                <![CDATA["User login to account on Medicare"]]>
              </value>
            </param>
            <param index="1">
              <value>
                <![CDATA["Optional[Enable Users To Login To Account]"]]>
              </value>
            </param>
          </params>
          <reporter-output>
          </reporter-output>
        </test-method> <!-- runScenario -->
        <test-method status="PASS" signature="tearDownClass()[pri:0, instance:testcases.TestRunner@4b553d26]" name="tearDownClass" is-config="true" duration-ms="400" started-at="2021-04-29T11:00:40 IST" finished-at="2021-04-29T11:00:40 IST">
          <reporter-output>
          </reporter-output>
        </test-method> <!-- tearDownClass -->
      </class> <!-- testcases.TestRunner -->
    </test> <!-- Default test -->
  </suite> <!-- Default suite -->
</testng-results>
