<?xml version="1.0" encoding="UTF-8"?>
<!-- Generated by org.testng.reporters.JUnitXMLReporter -->
<testsuite hostname="Cajetan-PC" ignored="0" name="Default test" tests="3" failures="0" timestamp="2021-04-29T14:57:27 IST" time="4.466" errors="0">
  <testcase name="runScenario" time="1.913" classname="io.cucumber.testng.AbstractTestNGCucumberTests">
    <skipped/>
  </testcase> <!-- runScenario -->
  <testcase name="runScenario" time="0.256" classname="io.cucumber.testng.AbstractTestNGCucumberTests">
    <skipped/>
  </testcase> <!-- runScenario -->
  <testcase name="runScenario" time="0.214" classname="io.cucumber.testng.AbstractTestNGCucumberTests">
    <skipped/>
  </testcase> <!-- runScenario -->
</testsuite> <!-- Default test -->
