<?xml version="1.0" encoding="UTF-8"?>
<!-- Generated by org.testng.reporters.JUnitXMLReporter -->
<testsuite hostname="Cajetan-PC" ignored="0" name="Default test" tests="2" failures="0" timestamp="2021-04-29T11:00:40 IST" time="42.535" errors="0">
  <testcase name="runScenario" time="26.874" classname="io.cucumber.testng.AbstractTestNGCucumberTests"/>
  <testcase name="runScenario" time="13.206" classname="io.cucumber.testng.AbstractTestNGCucumberTests"/>
</testsuite> <!-- Default test -->
